Log file open, 06/30/16 21:24:26
LogInit:Display: Running engine for game: projetJeuPlatformer
LogPlatformFile: Not using cached read wrapper
LogInit:Display: RandInit(1276228082) SRandInit(1276228083).
LogTaskGraph: Started task graph with 4 named threads and 7 total threads.
LogStats: Stats thread started at 0.086334
LogInit: Version: 4.11.2-2946394+++UE4+Release-4.11
LogInit: API Version: 2927265
LogInit: Compiled (64-bit): Apr 18 2016 02:18:46
LogInit: Compiled with Visual C++: 19.00.23026.00
LogInit: Build Configuration: Development
LogInit: Branch Name: ++UE4+Release-4.11
LogInit: Command line: -EpicPortal 
LogInit: Base directory: E:/programmes/unreal/Epic Games/4.11/Engine/Binaries/Win64/
LogInit: Installed Engine Build: 1
LogInit: Using libcurl 7.41.0
LogInit:  - built for x86_64-pc-win32
LogInit:  - supports SSL with WinSSL
LogInit:  - other features:
LogInit:      CURL_VERSION_SSL
LogInit:      CURL_VERSION_IPV6
LogInit:      CURL_VERSION_ASYNCHDNS
LogInit:      CURL_VERSION_LARGEFILE
LogInit:      CURL_VERSION_IDN
LogInit:  CurlRequestOptions (configurable via config and command line):
LogInit:  - bVerifyPeer = true  - Libcurl will verify peer certificate
LogInit:  - bUseHttpProxy = false  - Libcurl will NOT use HTTP proxy
LogInit:  - bDontReuseConnections = false  - Libcurl will reuse connections
LogInit:  - CertBundlePath = nullptr  - Libcurl will use whatever was configured at build time.
LogInit: Presizing for max 16777216 objects, including 0 objects not considered by GC, pre-allocating 0 bytes for permanent pool.
LogInit: Object subsystem initialized
[2016.07.01-01.24.26:168][  0]LogInit: Selected Device Profile: [Windows]
[2016.07.01-01.24.26:168][  0]LogInit: Applying CVar settings loaded from the selected device profile: [Windows]
[2016.07.01-01.24.26:176][  0]LogInit: Computer: JOHN-PC
[2016.07.01-01.24.26:176][  0]LogInit: User: John
[2016.07.01-01.24.26:176][  0]LogInit: CPU Page size=65536, Cores=4
[2016.07.01-01.24.26:176][  0]LogInit: High frequency timer resolution =3.312787 MHz
[2016.07.01-01.24.26:176][  0]LogMemory: Memory total: Physical=7.9GB (8GB approx)
[2016.07.01-01.24.26:176][  0]LogMemory: Platform Memory Stats for Windows
[2016.07.01-01.24.26:176][  0]LogMemory: Process Physical Memory: 312.58 MB used, 312.58 MB peak
[2016.07.01-01.24.26:176][  0]LogMemory: Process Virtual Memory: 314.92 MB used, 314.92 MB peak
[2016.07.01-01.24.26:176][  0]LogMemory: Physical Memory: 4828.21 MB used, 8138.14 MB total
[2016.07.01-01.24.26:176][  0]LogMemory: Virtual Memory: 653.40 MB used, 134217728.00 MB total
[2016.07.01-01.24.26:205][  0]LogTextLocalizationManager: No translations for ('fr-FR') exist, falling back to 'en' for localization and internationalization data.
[2016.07.01-01.24.26:559][  0]LogD3D11RHI: D3D11 adapters:
[2016.07.01-01.24.26:595][  0]LogD3D11RHI:    0. 'NVIDIA GeForce GTX 660' (Feature Level 11_0)
[2016.07.01-01.24.26:595][  0]LogD3D11RHI:       1988MB of dedicated video memory, 0MB of dedicated system memory, and 4069MB of shared system memory, 1 output[s]
[2016.07.01-01.24.26:596][  0]LogD3D11RHI:    1. 'Microsoft Basic Render Driver' (Feature Level 11_0)
[2016.07.01-01.24.26:596][  0]LogD3D11RHI:       0MB of dedicated video memory, 0MB of dedicated system memory, and 4069MB of shared system memory, 0 output[s]
[2016.07.01-01.24.26:597][  0]LogD3D11RHI: Chosen D3D11 Adapter: 0
[2016.07.01-01.24.26:600][  0]LogD3D11RHI: Creating new Direct3DDevice
[2016.07.01-01.24.26:600][  0]LogD3D11RHI:     Adapter Name: NVIDIA GeForce GTX 660
[2016.07.01-01.24.26:600][  0]LogD3D11RHI:   Driver Version: 10.18.13.6839 (internal 10.18.13.6839)
[2016.07.01-01.24.26:600][  0]LogD3D11RHI:      Driver Date: 6-2-2016
[2016.07.01-01.24.26:600][  0]LogRHI: Texture pool is 1361 MB (70% of 1945 MB)
[2016.07.01-01.24.26:613][  0]LogD3D11RHI: Async texture creation enabled
[2016.07.01-01.24.26:622][  0]LogShaderCompilers: Guid format shader working directory is -24 characters bigger than the processId version (../../../../../../../UDK_projets/projetPlatformer/projetJeuPlatformer/Intermediate/Shaders/WorkingDirectory/4200/).
[2016.07.01-01.24.26:622][  0]LogShaderCompilers: Cleaned the shader compiler working directory 'C:/Users/John/AppData/Local/Temp/UnrealShaderWorkingDir/651B36D24A84F30B41F272A048FD710D/'.
[2016.07.01-01.24.26:622][  0]LogShaderCompilers:Display: Using Local Shader Compiler.
[2016.07.01-01.24.27:488][  0]LogTemp:Display: Loaded TP AllDesktopTargetPlatform
[2016.07.01-01.24.27:493][  0]LogTemp:Display: Loaded TP WindowsClientTargetPlatform
[2016.07.01-01.24.27:498][  0]LogTemp:Display: Loaded TP WindowsNoEditorTargetPlatform
[2016.07.01-01.24.27:502][  0]LogTemp:Display: Loaded TP WindowsServerTargetPlatform
[2016.07.01-01.24.27:506][  0]LogTemp:Display: Loaded TP WindowsTargetPlatform
[2016.07.01-01.24.27:509][  0]LogTemp:Display: Loaded TP AndroidTargetPlatform
[2016.07.01-01.24.27:512][  0]LogTemp:Display: Loaded TP Android_ASTCTargetPlatform
[2016.07.01-01.24.27:515][  0]LogTemp:Display: Loaded TP Android_ATCTargetPlatform
[2016.07.01-01.24.27:517][  0]LogTemp:Display: Loaded TP Android_DXTTargetPlatform
[2016.07.01-01.24.27:520][  0]LogTemp:Display: Loaded TP Android_ETC1TargetPlatform
[2016.07.01-01.24.27:523][  0]LogTemp:Display: Loaded TP Android_ETC2TargetPlatform
[2016.07.01-01.24.27:529][  0]LogTemp:Display: Loaded TP Android_MultiTargetPlatform
[2016.07.01-01.24.27:529][  0]LogTemp:Display: Loaded TP Android_PVRTCTargetPlatform
[2016.07.01-01.24.27:530][  0]LogTemp:Display: Loaded TP HTML5TargetPlatform
[2016.07.01-01.24.27:546][  0]LogTemp:Display: Loaded TP IOSTargetPlatform
[2016.07.01-01.24.27:548][  0]LogTemp:Display: Loaded TP TVOSTargetPlatform
[2016.07.01-01.24.27:551][  0]LogTemp:Display: Loaded TP LinuxNoEditorTargetPlatform
[2016.07.01-01.24.27:553][  0]LogTemp:Display: Loaded TP LinuxServerTargetPlatform
[2016.07.01-01.24.27:556][  0]LogTemp:Display: Loaded TP LinuxTargetPlatform
[2016.07.01-01.24.27:556][  0]LogTargetPlatformManager:Display: Building Assets For Windows
[2016.07.01-01.24.27:632][  0]LogDerivedDataCache:Display: Max Cache Size: 512 MB
[2016.07.01-01.24.27:684][  0]LogDerivedDataCache: Loaded boot cache 0.05s 58MB C:/Users/John/AppData/Local/UnrealEngine/4.11/DerivedDataCache/Boot.ddc.
[2016.07.01-01.24.27:684][  0]LogDerivedDataCache:Display: Loaded Boot cache: C:/Users/John/AppData/Local/UnrealEngine/4.11/DerivedDataCache/Boot.ddc
[2016.07.01-01.24.27:684][  0]LogDerivedDataCache: FDerivedDataBackendGraph:  Pak pak cache file ../../../../../../../UDK_projets/projetPlatformer/projetJeuPlatformer/DerivedDataCache/DDC.ddp not found, will not use a pak cache.
[2016.07.01-01.24.27:684][  0]LogDerivedDataCache: Unable to find inner node Pak for hierarchical cache Hierarchy.
[2016.07.01-01.24.27:684][  0]LogDerivedDataCache: FDerivedDataBackendGraph:  CompressedPak pak cache file ../../../../../../../UDK_projets/projetPlatformer/projetJeuPlatformer/DerivedDataCache/Compressed.ddp not found, will not use a pak cache.
[2016.07.01-01.24.27:684][  0]LogDerivedDataCache: Unable to find inner node CompressedPak for hierarchical cache Hierarchy.
[2016.07.01-01.24.27:697][  0]LogDerivedDataCache:Display: Pak cache opened for reading ../../../Engine/DerivedDataCache/Compressed.ddp.
[2016.07.01-01.24.27:709][  0]LogDerivedDataCache: Using Local data cache path C:/Users/John/AppData/Local/UnrealEngine/Common/DerivedDataCache: Writable
[2016.07.01-01.24.27:862][  0]LogInit: Selected Device Profile: [Windows]
[2016.07.01-01.24.27:863][  0]LogContentStreaming: Texture pool size is 0.00 MB
[2016.07.01-01.24.27:907][  0]LogMaterial: Uniform references updated for custom material expression Custom.
[2016.07.01-01.24.28:015][  0]LogMeshUtilities: No automatic mesh reduction module available
[2016.07.01-01.24.28:015][  0]LogMeshUtilities: No automatic mesh merging module available
[2016.07.01-01.24.28:015][  0]LogMeshUtilities: No distributed automatic mesh merging module available
[2016.07.01-01.24.28:241][  0]LogUObjectArray: 27679 objects as part of root set at end of initial load.
[2016.07.01-01.24.28:242][  0]LogUObjectAllocator: 5591592 out of 0 bytes used by permanent object pool.
[2016.07.01-01.24.28:242][  0]LogUObjectArray: CloseDisregardForGC: 0/0 objects in disregard for GC pool
[2016.07.01-01.24.28:249][  0]LogInit: WinSock: version 1.1 (2.2), MaxSocks=32767, MaxUdp=65467
[2016.07.01-01.24.28:331][  0]LogSlate: SlateFontCache - WITH_FREETYPE: 1, WITH_HARFBUZZ: 1
[2016.07.01-01.24.28:331][  0]LogSlate: SlateFontCache - WITH_FREETYPE: 1, WITH_HARFBUZZ: 1
[2016.07.01-01.24.28:410][  0]LogStreaming:Warning: Failed to read file '../../../Engine/Content/Editor/Slate/Common/Selection_16x.png' error.
[2016.07.01-01.24.28:410][  0]LogSlate: Could not find file for Slate resource: ../../../Engine/Content/Editor/Slate/Common/Selection_16x.png
[2016.07.01-01.24.28:410][  0]LogStreaming:Warning: Failed to read file '../../../Engine/Content/Editor/Slate/Common/Selection_16x.png' error.
[2016.07.01-01.24.28:410][  0]LogSlate: Could not find file for Slate resource: ../../../Engine/Content/Editor/Slate/Common/Selection_16x.png
[2016.07.01-01.24.28:411][  0]LogStreaming:Warning: Failed to read file '../../../Engine/Content/Editor/Slate/Common/Selection_16x.png' error.
[2016.07.01-01.24.28:411][  0]LogSlate: Could not find file for Slate resource: ../../../Engine/Content/Editor/Slate/Common/Selection_16x.png
[2016.07.01-01.24.28:883][  0]LogSubstanceCoreModule: Substance CPU Engine Loaded, Max Texture Size 2048
[2016.07.01-01.24.28:928][  0]LogUdpMessaging: Initializing bridge on interface 0.0.0.0:0 to multicast group 230.0.0.1:6666.
[2016.07.01-01.24.29:054][  0]LogAssetRegistry: FAssetRegistry took 0.0217 seconds to start up
[2016.07.01-01.24.29:215][  0]SourceControl: Info Source control is disabled
[2016.07.01-01.24.29:216][  0]SourceControl: Info Source control is disabled
[2016.07.01-01.24.29:224][  0]SourceControl: Info Source control is disabled
[2016.07.01-01.24.29:233][  0]SourceControl: Info Source control is disabled
[2016.07.01-01.24.29:354][  0]LogHMD: Failed to initialize OpenVR with code 110
[2016.07.01-01.24.29:475][  0]LogEngine: Initializing Engine...
[2016.07.01-01.24.29:604][  0]LogAIModule: Creating AISystem for world NewWorld
[2016.07.01-01.24.29:609][  0]LogInit: XAudio2 using 'Haut-parleurs (Realtek High Definition Audio)' : 2 channels at 48 kHz using 32 bits per sample (channel mask 0x3)
[2016.07.01-01.24.29:630][  0]LogInit: FAudioDevice initialized.
[2016.07.01-01.24.29:660][  0]LogDerivedDataCache: Saved boot cache 0.03s 58MB C:/Users/John/AppData/Local/UnrealEngine/4.11/DerivedDataCache/Boot.ddc.
[2016.07.01-01.24.29:667][  0]LogInit: Texture streaming: Enabled
[2016.07.01-01.24.29:709][  0]LogInit: Transaction tracking system initialized
[2016.07.01-01.24.29:733][  0]BlueprintLog: New page: Editor Load
[2016.07.01-01.24.30:032][  0]LocalizationService: Info Localization service is disabled
[2016.07.01-01.24.30:138][  0]LogConsoleResponse:Display: 
[2016.07.01-01.24.30:475][  0]LogFileCache: Scanning file cache for directory 'E:/UDK_projets/projetPlatformer/projetJeuPlatformer/Content/' took 0.01s
[2016.07.01-01.24.30:475][  0]LogCook:Display: Max memory allowance for cook 8192mb
[2016.07.01-01.24.30:475][  0]LogCook:Display: Mobile HDR setting 1
[2016.07.01-01.24.30:475][  0]LogCook:Display: Done creating registry. It took  0.00s.
[2016.07.01-01.24.30:572][  0]SourceControl: Info Source control is disabled
[2016.07.01-01.24.30:572][  0]Cmd: MAP LOAD FILE="../../../../../../../UDK_projets/projetPlatformer/projetJeuPlatformer/Content/ThirdPersonBP/Maps/ThirdPersonExampleMap.umap" TEMPLATE=0 SHOWPROGRESS=1 FEATURELEVEL=3
[2016.07.01-01.24.30:573][  0]LightingResults: New page: Lighting Build
[2016.07.01-01.24.30:576][  0]MapCheck: New page: Map Check
[2016.07.01-01.24.30:576][  0]LightingResults: New page: Lighting Build
[2016.07.01-01.24.33:391][  0]LogTexture:Display: Building textures: HQ_Lightmap2_1 (AutoDXT)
[2016.07.01-01.24.33:554][  0]LogTexture:Display: Building textures: HQ_Lightmap2_2 (AutoDXT)
[2016.07.01-01.24.33:653][  0]LogTexture:Display: Building textures: HQ_Lightmap2_3 (AutoDXT)
[2016.07.01-01.24.33:677][  0]LogTexture:Display: Building textures: HQ_Lightmap2_4 (AutoDXT)
[2016.07.01-01.24.33:704][  0]LogTexture:Display: Building textures: HQ_Lightmap2_5 (AutoDXT)
[2016.07.01-01.24.33:725][  0]LogTexture:Display: Building textures: HQ_Lightmap2_6 (AutoDXT)
[2016.07.01-01.24.33:738][  0]LogTexture:Display: Building textures: LQ_Lightmap_0_1 (DXT1)
[2016.07.01-01.24.33:812][  0]LogTexture:Display: Building textures: LQ_Lightmap_0_2 (DXT1)
[2016.07.01-01.24.33:864][  0]LogTexture:Display: Building textures: LQ_Lightmap_0_3 (DXT1)
[2016.07.01-01.24.33:880][  0]LogTexture:Display: Building textures: LQ_Lightmap_0_4 (DXT1)
[2016.07.01-01.24.33:892][  0]LogTexture:Display: Building textures: LQ_Lightmap_0_5 (DXT1)
[2016.07.01-01.24.33:904][  0]LogTexture:Display: Building textures: LQ_Lightmap_0_6 (DXT1)
[2016.07.01-01.24.33:914][  0]LogTexture:Display: Building textures: SkyOcclusion0_1 (AutoDXT)
[2016.07.01-01.24.33:988][  0]LogTexture:Display: Building textures: SkyOcclusion0_2 (AutoDXT)
[2016.07.01-01.24.34:031][  0]LogTexture:Display: Building textures: SkyOcclusion0_3 (AutoDXT)
[2016.07.01-01.24.34:049][  0]LogTexture:Display: Building textures: SkyOcclusion0_4 (AutoDXT)
[2016.07.01-01.24.34:062][  0]LogTexture:Display: Building textures: SkyOcclusion0_5 (AutoDXT)
[2016.07.01-01.24.34:077][  0]LogTexture:Display: Building textures: SkyOcclusion0_6 (AutoDXT)
[2016.07.01-01.24.34:086][  0]LogTexture:Display: Building textures: ShadowMapTexture2D_12 (G8)
[2016.07.01-01.24.34:103][  0]LogTexture:Display: Building textures: ShadowMapTexture2D_13 (G8)
[2016.07.01-01.24.34:119][  0]LogTexture:Display: Building textures: ShadowMapTexture2D_14 (G8)
[2016.07.01-01.24.34:124][  0]LogTexture:Display: Building textures: ShadowMapTexture2D_15 (G8)
[2016.07.01-01.24.34:129][  0]LogTexture:Display: Building textures: ShadowMapTexture2D_16 (G8)
[2016.07.01-01.24.34:133][  0]LogTexture:Display: Building textures: ShadowMapTexture2D_17 (G8)
[2016.07.01-01.24.34:443][  0]LogTexture:Display: Building textures: UE4Man_Logo_N (BC5)
[2016.07.01-01.24.34:473][  0]LogTexture:Display: Building textures: T_ML_Rubber_Blue_01_D (AutoDXT)
[2016.07.01-01.24.34:590][  0]LogTexture:Display: Building textures: T_ML_Rubber_Blue_01_N (BC5)
[2016.07.01-01.24.34:618][  0]LogTexture:Display: Building textures: T_ML_Aluminum01 (AutoDXT)
[2016.07.01-01.24.34:715][  0]LogTexture:Display: Building textures: T_ML_Aluminum01_N (BC5)
[2016.07.01-01.24.34:743][  0]LogTexture:Display: Building textures: UE4_Mannequin_MAT_MASKA (AutoDXT)
[2016.07.01-01.24.34:948][  0]LogTexture:Display: Building textures: UE4_Mannequin__normals (BC5)
[2016.07.01-01.24.35:295][  0]LogTexture:Display: Building textures: UE4_LOGO_CARD (AutoDXT)
[2016.07.01-01.24.35:716][  0]LogAIModule: Creating AISystem for world ThirdPersonExampleMap
[2016.07.01-01.24.37:459][  0]LogEditorServer: Finished looking for orphan Actors (0.000 secs)
[2016.07.01-01.24.37:498][  0]Cmd: MAP CHECKDEP NOCLEARLOG
[2016.07.01-01.24.37:687][  0]MapCheck: Info Map check complete: 0 Error(s), 0 Warning(s), took 188.116ms to complete.
[2016.07.01-01.24.37:687][  0]LogFileHelpers: Loading map 'ThirdPersonExampleMap' took 7.114
[2016.07.01-01.24.41:688][  0]LogCollectionManager: Loaded 0 collections in 0.004398 seconds
[2016.07.01-01.24.43:690][  0]LogFileCache: Scanning file cache for directory 'E:/UDK_projets/projetPlatformer/projetJeuPlatformer/Saved/Collections/' took 0.01s
[2016.07.01-01.24.43:690][  0]LogFileCache: Scanning file cache for directory 'E:/UDK_projets/projetPlatformer/projetJeuPlatformer/Content/Developers/John/Collections/' took 0.01s
[2016.07.01-01.24.43:690][  0]LogFileCache: Scanning file cache for directory 'E:/UDK_projets/projetPlatformer/projetJeuPlatformer/Content/Collections/' took 0.01s
[2016.07.01-01.24.43:690][  0]LogCollectionManager: Rebuilt the GUID cache for 0 collections in 0.000005 seconds
[2016.07.01-01.24.43:840][  0]LogContentBrowser: Native class hierarchy populated in 0.0862 seconds. Added 1994 classes and 349 folders.
[2016.07.01-01.24.44:456][  0]LogStats: UGameplayTagsManager::ConstructGameplayTagTree: Construct from data asset -  0.023 s
[2016.07.01-01.24.44:472][  0]LogStats: UGameplayTagsManager::ConstructGameplayTagTree: GameplayTagTreeChangedEvent.Broadcast -  0.016 s
[2016.07.01-01.24.44:491][  0]LogContentBrowser: Native class hierarchy updated for 'GameplayTags' in 0.0009 seconds. Added 12 classes and 0 folders.
[2016.07.01-01.24.44:539][  0]LogContentBrowser: Native class hierarchy updated for 'WidgetCarousel' in 0.0004 seconds. Added 0 classes and 0 folders.
[2016.07.01-01.24.44:546][  0]LogContentBrowser: Native class hierarchy updated for 'SuperSearch' in 0.0004 seconds. Added 1 classes and 2 folders.
[2016.07.01-01.24.44:578][  0]LogContentBrowser: Native class hierarchy updated for 'AddContentDialog' in 0.0004 seconds. Added 0 classes and 0 folders.
[2016.07.01-01.24.44:672][  0]LogContentBrowser: Native class hierarchy updated for 'SceneOutliner' in 0.0007 seconds. Added 1 classes and 2 folders.
[2016.07.01-01.24.45:664][  0]LogCrashTracker: Crashtracker disabled due to settings.
[2016.07.01-01.24.45:998][  0]LogWindowsTextInputMethodSystem:Display: IME system now deactivated.
[2016.07.01-01.24.46:027][  0]LogTexture:Display: Building textures: Blueprint_64x (BGRA8)
[2016.07.01-01.24.46:032][  0]LogTexture:Display: Building textures: icon_Editor_Preferences_General_40x (BGRA8)
[2016.07.01-01.24.46:034][  0]LogTexture:Display: Building textures: Paper2DSprite_TutorialIcon (BGRA8)
[2016.07.01-01.24.46:037][  0]LogTexture:Display: Building textures: icon_ShowSkeletalMeshes_40x (BGRA8)
[2016.07.01-01.24.46:040][  0]LogTexture:Display: Building textures: Landscape (BGRA8)
[2016.07.01-01.24.46:043][  0]LogTexture:Display: Building textures: Foliage (BGRA8)
[2016.07.01-01.24.46:180][  0]LogContentBrowser: Native class hierarchy updated for 'HierarchicalLODOutliner' in 0.0003 seconds. Added 1 classes and 2 folders.
[2016.07.01-01.24.46:181][  0]LogLoad: Full Startup: 20.78 seconds (BP compile: 1.82 seconds)
[2016.07.01-01.24.46:181][  0]LogExternalProfiler: Found external profiler: VSPerf
[2016.07.01-01.24.46:181][  0]LogExternalProfiler: Using external profiler: VSPerf
[2016.07.01-01.24.46:190][  0]LogOcInput: OculusInput pre-init called
[2016.07.01-01.24.47:075][  0]LogContentStreaming: Texture pool size now 1000 MB
[2016.07.01-01.24.47:199][  0]LogTexture:Display: Building textures: icon_tab_Levels_40x (BGRA8)
[2016.07.01-01.24.47:632][  0]LogTexture:Display: Building textures: LevelGrid1DStripes (BGRA8)
[2016.07.01-01.24.48:208][  0]LogRenderer: Reallocating scene render targets to support 1208x576 (Frame:2).
[2016.07.01-01.24.48:661][  1]LogAssetRegistry: Asset discovery search completed in 19.6279 seconds
[2016.07.01-01.24.48:661][  1]LogCollectionManager: Rebuilt the object cache for 0 collections in 0.000001 seconds (found 0 objects)
[2016.07.01-01.24.48:661][  1]LogCollectionManager: Fixed up redirectors for 0 collections in 0.000022 seconds (updated 0 objects)
[2016.07.01-01.25.00:243][167]LogSavePackage: Save=726.45ms
[2016.07.01-01.25.00:243][167]LogSavePackage: Moving '../../../../../../../UDK_projets/projetPlatformer/projetJeuPlatformer/Saved/ThirdPersonExampleMap226573E447C152558BF00F9B2677075C.tmp' to '../../../../../../../UDK_projets/projetPlatformer/projetJeuPlatformer/Content/ThirdPersonBP/Maps/ThirdPersonExampleMap.umap'
[2016.07.01-01.25.00:257][167]LogSavePackage: Total save time: 774.41ms
[2016.07.01-01.25.00:257][167]LogSavePackage:Display: Finished SavePackage ../../../../../../../UDK_projets/projetPlatformer/projetJeuPlatformer/Content/ThirdPersonBP/Maps/ThirdPersonExampleMap.umap
[2016.07.01-01.25.02:554][435]LogBlueprintUserMessages: Early PlayInEditor Detection: Level '/Game/ThirdPersonBP/Maps/ThirdPersonExampleMap.ThirdPersonExampleMap:PersistentLevel' has LevelScriptBlueprint '/Game/ThirdPersonBP/Maps/ThirdPersonExampleMap.ThirdPersonExampleMap:PersistentLevel.ThirdPersonExampleMap' with GeneratedClass '/Game/ThirdPersonBP/Maps/ThirdPersonExampleMap.ThirdPersonExampleMap_C' with ClassGeneratedBy '/Game/ThirdPersonBP/Maps/ThirdPersonExampleMap.ThirdPersonExampleMap:PersistentLevel.ThirdPersonExampleMap'
[2016.07.01-01.25.02:554][435]LogPlayLevel: PlayLevel: No blueprints needed recompiling
[2016.07.01-01.25.02:628][435]PIE: New page: PIE session: ThirdPersonExampleMap (Jun 30, 2016, 4:25:02 PM)
[2016.07.01-01.25.02:628][435]LogPlayLevel: Creating play world package: /Game/ThirdPersonBP/Maps/UEDPIE_0_ThirdPersonExampleMap
[2016.07.01-01.25.02:717][435]LogPlayLevel: PIE: StaticDuplicateObject took: (0.088709s)
[2016.07.01-01.25.02:717][435]LogAIModule: Creating AISystem for world ThirdPersonExampleMap
[2016.07.01-01.25.02:718][435]LogPlayLevel: PIE: World Init took: (0.000996s)
[2016.07.01-01.25.02:718][435]LogPlayLevel: PIE: Created PIE world by copying editor world from /Game/ThirdPersonBP/Maps/ThirdPersonExampleMap.ThirdPersonExampleMap to /Game/ThirdPersonBP/Maps/UEDPIE_0_ThirdPersonExampleMap.ThirdPersonExampleMap (0.090411s)
[2016.07.01-01.25.02:749][435]LogInit: XAudio2 using 'Haut-parleurs (Realtek High Definition Audio)' : 2 channels at 48 kHz using 32 bits per sample (channel mask 0x3)
[2016.07.01-01.25.02:756][435]LogInit: FAudioDevice initialized.
[2016.07.01-01.25.02:940][435]LogWorld: Game class is 'ThirdPersonGameMode_C'
[2016.07.01-01.25.03:079][435]LogWorld: Bringing World /Game/ThirdPersonBP/Maps/UEDPIE_0_ThirdPersonExampleMap.ThirdPersonExampleMap up for play (max tick rate 0) at 2016.06.30-21.25.03
[2016.07.01-01.25.03:125][435]LogWorld: Bringing up level for play took: 0.051743
[2016.07.01-01.25.03:460][435]LogContentBrowser: Native class hierarchy updated for 'MovieSceneCapture' in 0.0008 seconds. Added 9 classes and 0 folders.
[2016.07.01-01.25.03:512][435]PIE: Info Play in editor start time for /Game/ThirdPersonBP/Maps/UEDPIE_0_ThirdPersonExampleMap 1.385
[2016.07.01-01.25.03:513][435]LogBlueprintUserMessages: Late PlayInEditor Detection: Level '/Game/ThirdPersonBP/Maps/ThirdPersonExampleMap.ThirdPersonExampleMap:PersistentLevel' has LevelScriptBlueprint '/Game/ThirdPersonBP/Maps/ThirdPersonExampleMap.ThirdPersonExampleMap:PersistentLevel.ThirdPersonExampleMap' with GeneratedClass '/Game/ThirdPersonBP/Maps/ThirdPersonExampleMap.ThirdPersonExampleMap_C' with ClassGeneratedBy '/Game/ThirdPersonBP/Maps/ThirdPersonExampleMap.ThirdPersonExampleMap:PersistentLevel.ThirdPersonExampleMap'
[2016.07.01-01.25.22:923][708]LogBlueprintUserMessages: Early EndPlayMap Detection: Level '/Game/ThirdPersonBP/Maps/ThirdPersonExampleMap.ThirdPersonExampleMap:PersistentLevel' has LevelScriptBlueprint '/Game/ThirdPersonBP/Maps/ThirdPersonExampleMap.ThirdPersonExampleMap:PersistentLevel.ThirdPersonExampleMap' with GeneratedClass '/Game/ThirdPersonBP/Maps/ThirdPersonExampleMap.ThirdPersonExampleMap_C' with ClassGeneratedBy '/Game/ThirdPersonBP/Maps/ThirdPersonExampleMap.ThirdPersonExampleMap:PersistentLevel.ThirdPersonExampleMap'
[2016.07.01-01.25.23:004][708]LogBlueprintUserMessages: Late EndPlayMap Detection: Level '/Game/ThirdPersonBP/Maps/ThirdPersonExampleMap.ThirdPersonExampleMap:PersistentLevel' has LevelScriptBlueprint '/Game/ThirdPersonBP/Maps/ThirdPersonExampleMap.ThirdPersonExampleMap:PersistentLevel.ThirdPersonExampleMap' with GeneratedClass '/Game/ThirdPersonBP/Maps/ThirdPersonExampleMap.ThirdPersonExampleMap_C' with ClassGeneratedBy '/Game/ThirdPersonBP/Maps/ThirdPersonExampleMap.ThirdPersonExampleMap:PersistentLevel.ThirdPersonExampleMap'
[2016.07.01-01.25.57:450][448]LogActorComponent: UnregisterComponent: (/Engine/Transient.CharMoveComp) Not registered. Aborting.
[2016.07.01-01.25.57:549][448]LogWindowsTextInputMethodSystem:Display: IME system now deactivated.
[2016.07.01-01.25.57:939][449]Cmd: QUIT_EDITOR
[2016.07.01-01.25.58:073][449]LogExit: Preparing to exit.
[2016.07.01-01.25.59:097][449]LogExit: Editor shut down
[2016.07.01-01.25.59:097][449]LogExit: Transaction tracking system shut down
[2016.07.01-01.25.59:198][449]LogObj: Freed 0b from 0 cluster array pools.
[2016.07.01-01.25.59:198][449]LogExit: Object subsystem successfully closed.
[2016.07.01-01.25.59:214][449]LogD3D11RHI: Shutdown
[2016.07.01-01.25.59:214][449]LogD3D11RHI: CleanupD3DDevice
[2016.07.01-01.25.59:264][449]LogD3D11RHI: ~FD3D11DynamicRHI
[2016.07.01-01.25.59:755][449]LogDerivedDataCache: Shutdown
[2016.07.01-01.25.59:755][449]LogModuleManager: Shutting down and abandoning module MovieSceneCapture (207)
[2016.07.01-01.25.59:755][449]LogModuleManager: Shutting down and abandoning module HierarchicalLODOutliner (206)
[2016.07.01-01.25.59:755][449]LogModuleManager: Shutting down and abandoning module CrashTracker (205)
[2016.07.01-01.25.59:755][449]LogModuleManager: Shutting down and abandoning module SceneOutliner (204)
[2016.07.01-01.25.59:755][449]LogModuleManager: Shutting down and abandoning module SuperSearch (203)
[2016.07.01-01.25.59:755][449]LogModuleManager: Shutting down and abandoning module WidgetCarousel (202)
[2016.07.01-01.25.59:755][449]LogModuleManager: Shutting down and abandoning module AddContentDialog (201)
[2016.07.01-01.25.59:757][449]LogModuleManager: Shutting down and abandoning module GameplayTags (200)
[2016.07.01-01.25.59:757][449]LogModuleManager: Shutting down and abandoning module EditorWidgets (199)
[2016.07.01-01.25.59:757][449]LogModuleManager: Shutting down and abandoning module CollectionManager (198)
[2016.07.01-01.25.59:757][449]LogModuleManager: Shutting down and abandoning module StatsViewer (197)
[2016.07.01-01.25.59:757][449]LogModuleManager: Shutting down and abandoning module FoliageEdit (196)
[2016.07.01-01.25.59:757][449]LogModuleManager: Shutting down and abandoning module LandscapeEditor (195)
[2016.07.01-01.25.59:757][449]LogModuleManager: Shutting down and abandoning module ActorPickerMode (194)
[2016.07.01-01.25.59:757][449]LogModuleManager: Shutting down and abandoning module GeometryMode (193)
[2016.07.01-01.25.59:757][449]LogModuleManager: Shutting down and abandoning module TextureAlignMode (192)
[2016.07.01-01.25.59:757][449]LogModuleManager: Shutting down and abandoning module BspMode (191)
[2016.07.01-01.25.59:757][449]LogModuleManager: Shutting down and abandoning module PlacementMode (190)
[2016.07.01-01.25.59:757][449]LogModuleManager: Shutting down and abandoning module AutomationWorker (189)
[2016.07.01-01.25.59:757][449]LogModuleManager: Shutting down and abandoning module CharacterAI (188)
[2016.07.01-01.25.59:757][449]LogModuleManager: Shutting down and abandoning module SmartSnapping (187)
[2016.07.01-01.25.59:757][449]LogModuleManager: Shutting down and abandoning module ViewportSnapping (186)
[2016.07.01-01.25.59:757][449]LogModuleManager: Shutting down and abandoning module LogVisualizer (185)
[2016.07.01-01.25.59:758][449]LogModuleManager: Shutting down and abandoning module GameProjectGeneration (184)
[2016.07.01-01.25.59:758][449]LogModuleManager: Shutting down and abandoning module IntroTutorials (183)
[2016.07.01-01.25.59:758][449]LogModuleManager: Shutting down and abandoning module EditorLiveStreaming (182)
[2016.07.01-01.25.59:758][449]LogModuleManager: Shutting down and abandoning module IOSPlatformEditor (181)
[2016.07.01-01.25.59:758][449]LogModuleManager: Shutting down and abandoning module HTML5PlatformEditor (180)
[2016.07.01-01.25.59:758][449]LogModuleManager: Shutting down and abandoning module AndroidDeviceDetection (179)
[2016.07.01-01.26.00:093][449]LogModuleManager: Shutting down and abandoning module AndroidPlatformEditor (178)
[2016.07.01-01.26.00:093][449]LogModuleManager: Shutting down and abandoning module IOSRuntimeSettings (177)
[2016.07.01-01.26.00:093][449]LogModuleManager: Shutting down and abandoning module AndroidRuntimeSettings (176)
[2016.07.01-01.26.00:093][449]LogModuleManager: Shutting down and abandoning module MergeActors (175)
[2016.07.01-01.26.00:093][449]LogModuleManager: Shutting down and abandoning module SizeMap (174)
[2016.07.01-01.26.00:093][449]LogModuleManager: Shutting down and abandoning module TreeMap (173)
[2016.07.01-01.26.00:093][449]LogModuleManager: Shutting down and abandoning module ReferenceViewer (172)
[2016.07.01-01.26.00:094][449]LogModuleManager: Shutting down and abandoning module LocalizationService (171)
[2016.07.01-01.26.00:094][449]LogModuleManager: Shutting down and abandoning module LocalizationDashboard (170)
[2016.07.01-01.26.00:094][449]LogModuleManager: Shutting down and abandoning module HardwareTargeting (169)
[2016.07.01-01.26.00:094][449]LogModuleManager: Shutting down and abandoning module DeviceProfileEditor (168)
[2016.07.01-01.26.00:094][449]LogModuleManager: Shutting down and abandoning module UndoHistory (167)
[2016.07.01-01.26.00:094][449]LogModuleManager: Shutting down and abandoning module UserFeedback (166)
[2016.07.01-01.26.00:094][449]LogModuleManager: Shutting down and abandoning module XmlParser (165)
[2016.07.01-01.26.00:094][449]LogModuleManager: Shutting down and abandoning module Blutility (164)
[2016.07.01-01.26.00:094][449]LogModuleManager: Shutting down and abandoning module ProjectTargetPlatformEditor (163)
[2016.07.01-01.26.00:094][449]LogModuleManager: Shutting down and abandoning module ProjectSettingsViewer (162)
[2016.07.01-01.26.00:094][449]LogModuleManager: Shutting down and abandoning module InputBindingEditor (161)
[2016.07.01-01.26.00:094][449]LogModuleManager: Shutting down and abandoning module EditorSettingsViewer (160)
[2016.07.01-01.26.00:094][449]LogModuleManager: Shutting down and abandoning module SettingsEditor (159)
[2016.07.01-01.26.00:094][449]LogModuleManager: Shutting down and abandoning module ProjectLauncher (158)
[2016.07.01-01.26.00:094][449]LogModuleManager: Shutting down and abandoning module SessionFrontend (157)
[2016.07.01-01.26.00:094][449]LogModuleManager: Shutting down and abandoning module ProfilerClient (156)
[2016.07.01-01.26.00:094][449]LogModuleManager: Shutting down and abandoning module TargetDeviceServices (155)
[2016.07.01-01.26.00:094][449]LogModuleManager: Shutting down and abandoning module DeviceManager (154)
[2016.07.01-01.26.00:139][449]LogModuleManager: Shutting down and abandoning module AutomationController (153)
[2016.07.01-01.26.00:139][449]LogModuleManager: Shutting down and abandoning module AutomationWindow (152)
[2016.07.01-01.26.00:139][449]LogModuleManager: Shutting down and abandoning module Layers (151)
[2016.07.01-01.26.00:139][449]LogModuleManager: Shutting down and abandoning module ComponentVisualizers (150)
[2016.07.01-01.26.00:139][449]LogModuleManager: Shutting down and abandoning module DetailCustomizations (149)
[2016.07.01-01.26.00:139][449]LogModuleManager: Shutting down and abandoning module PackagesDialog (148)
[2016.07.01-01.26.00:139][449]LogModuleManager: Shutting down and abandoning module Persona (147)
[2016.07.01-01.26.00:139][449]LogModuleManager: Shutting down and abandoning module Kismet (146)
[2016.07.01-01.26.00:139][449]LogModuleManager: Shutting down and abandoning module GraphEditor (145)
[2016.07.01-01.26.00:139][449]LogModuleManager: Shutting down and abandoning module ClassViewer (144)
[2016.07.01-01.26.00:139][449]LogModuleManager: Shutting down and abandoning module Toolbox (143)
[2016.07.01-01.26.00:139][449]LogModuleManager: Shutting down and abandoning module ModuleUI (142)
[2016.07.01-01.26.00:139][449]LogModuleManager: Shutting down and abandoning module MovieSceneTools (141)
[2016.07.01-01.26.00:139][449]LogModuleManager: Shutting down and abandoning module OutputLog (140)
[2016.07.01-01.26.00:139][449]LogModuleManager: Shutting down and abandoning module GammaUI (139)
[2016.07.01-01.26.00:139][449]LogModuleManager: Shutting down and abandoning module Documentation (138)
[2016.07.01-01.26.00:139][449]LogModuleManager: Shutting down and abandoning module StreamingPauseRendering (137)
[2016.07.01-01.26.00:139][449]LogModuleManager: Shutting down and abandoning module AnalyticsET (136)
[2016.07.01-01.26.00:139][449]LogModuleManager: Shutting down and abandoning module Analytics (135)
[2016.07.01-01.26.00:139][449]LogModuleManager: Shutting down and abandoning module PortalServices (134)
[2016.07.01-01.26.00:139][449]LogModuleManager: Shutting down and abandoning module PortalRpc (133)
[2016.07.01-01.26.00:139][449]LogModuleManager: Shutting down and abandoning module MessagingRpc (132)
[2016.07.01-01.26.00:139][449]LogModuleManager: Shutting down and abandoning module AITestSuite (131)
[2016.07.01-01.26.00:139][449]LogModuleManager: Shutting down and abandoning module GameplayDebugger (130)
[2016.07.01-01.26.00:139][449]LogModuleManager: Shutting down and abandoning module AIModule (129)
[2016.07.01-01.26.00:139][449]LogModuleManager: Shutting down and abandoning module ProfilerService (128)
[2016.07.01-01.26.00:272][449]LogModuleManager: Shutting down and abandoning module TaskGraph (127)
[2016.07.01-01.26.00:272][449]LogModuleManager: Shutting down and abandoning module SubstanceEditor (126)
[2016.07.01-01.26.00:272][449]LogModuleManager: Shutting down and abandoning module SlateRemote (125)
[2016.07.01-01.26.00:272][449]LogModuleManager: Shutting down and abandoning module SteamVRController (124)
[2016.07.01-01.26.00:272][449]LogModuleManager: Shutting down and abandoning module SteamVR (123)
[2016.07.01-01.26.00:272][449]LogModuleManager: Shutting down and abandoning module ProceduralMeshComponent (122)
[2016.07.01-01.26.00:272][449]LogModuleManager: Shutting down and abandoning module OculusLibrary (121)
[2016.07.01-01.26.00:272][449]LogModuleManager: Shutting down and abandoning module OculusInput (120)
[2016.07.01-01.26.00:272][449]LogModuleManager: Shutting down and abandoning module CustomMeshComponent (119)
[2016.07.01-01.26.00:272][449]LogModuleManager: Shutting down and abandoning module CableComponent (118)
[2016.07.01-01.26.00:272][449]LogModuleManager: Shutting down and abandoning module ArchVisCharacter (117)
[2016.07.01-01.26.00:272][449]LogModuleManager: Shutting down and abandoning module MediaPlayerEditor (116)
[2016.07.01-01.26.00:272][449]LogModuleManager: Shutting down and abandoning module HTML5Networking (115)
[2016.07.01-01.26.00:272][449]LogModuleManager: Shutting down and abandoning module SpeedTreeImporter (114)
[2016.07.01-01.26.00:272][449]LogModuleManager: Shutting down and abandoning module PluginBrowser (113)
[2016.07.01-01.26.00:272][449]LogModuleManager: Shutting down and abandoning module EpicSurvey (112)
[2016.07.01-01.26.00:290][449]LogModuleManager: Shutting down and abandoning module DesktopPlatform (111)
[2016.07.01-01.26.00:290][449]LogModuleManager: Shutting down and abandoning module VisualStudioSourceCodeAccess (110)
[2016.07.01-01.26.00:290][449]LogModuleManager: Shutting down and abandoning module UObjectPlugin (109)
[2016.07.01-01.26.00:290][449]LogModuleManager: Shutting down and abandoning module SubversionSourceControl (108)
[2016.07.01-01.26.00:290][449]LogModuleManager: Shutting down and abandoning module PerforceSourceControl (107)
[2016.07.01-01.26.00:290][449]LogModuleManager: Shutting down and abandoning module SourceControl (106)
[2016.07.01-01.26.00:290][449]LogModuleManager: Shutting down and abandoning module GitSourceControl (105)
[2016.07.01-01.26.00:290][449]LogModuleManager: Shutting down and abandoning module LightPropagationVolumeEditor (104)
[2016.07.01-01.26.00:290][449]LogModuleManager: Shutting down and abandoning module PaperTiledImporter (103)
[2016.07.01-01.26.00:290][449]LogModuleManager: Shutting down and abandoning module PaperSpriteSheetImporter (102)
[2016.07.01-01.26.00:290][449]LogModuleManager: Shutting down and abandoning module MeshPaint (101)
[2016.07.01-01.26.00:291][449]LogModuleManager: Shutting down and abandoning module HotReload (100)
[2016.07.01-01.26.00:291][449]LogModuleManager: Shutting down and abandoning module MainFrame (99)
[2016.07.01-01.26.00:291][449]LogModuleManager: Shutting down and abandoning module LevelEditor (98)
[2016.07.01-01.26.00:292][449]LogModuleManager: Shutting down and abandoning module DirectoryWatcher (97)
[2016.07.01-01.26.00:292][449]LogModuleManager: Shutting down and abandoning module AssetRegistry (96)
[2016.07.01-01.26.00:451][449]LogModuleManager: Shutting down and abandoning module ContentBrowser (95)
[2016.07.01-01.26.00:452][449]LogModuleManager: Shutting down and abandoning module Paper2DEditor (94)
[2016.07.01-01.26.00:452][449]LogModuleManager: Shutting down and abandoning module UdpMessaging (93)
[2016.07.01-01.26.00:552][449]LogModuleManager: Shutting down and abandoning module SubstanceCore (92)
[2016.07.01-01.26.00:552][449]LogModuleManager: Shutting down and abandoning module LightPropagationVolumeRuntime (91)
[2016.07.01-01.26.00:552][449]LogModuleManager: Shutting down and abandoning module Paper2D (90)
[2016.07.01-01.26.00:552][449]LogModuleManager: Shutting down and abandoning module WindowsMoviePlayer (89)
[2016.07.01-01.26.00:552][449]LogModuleManager: Shutting down and abandoning module Media (88)
[2016.07.01-01.26.00:552][449]LogModuleManager: Shutting down and abandoning module WmfMedia (87)
[2016.07.01-01.26.00:552][449]LogModuleManager: Shutting down and abandoning module MediaAssets (86)
[2016.07.01-01.26.00:553][449]LogModuleManager: Shutting down and abandoning module GameLiveStreaming (85)
[2016.07.01-01.26.00:553][449]LogModuleManager: Shutting down and abandoning module GameplayTagsEditor (84)
[2016.07.01-01.26.00:553][449]LogModuleManager: Shutting down and abandoning module OnlineBlueprintSupport (83)
[2016.07.01-01.26.00:553][449]LogModuleManager: Shutting down and abandoning module GameplayTasksEditor (82)
[2016.07.01-01.26.00:553][449]LogModuleManager: Shutting down and abandoning module PropertyEditor (81)
[2016.07.01-01.26.00:553][449]LogModuleManager: Shutting down and abandoning module BehaviorTreeEditor (80)
[2016.07.01-01.26.00:553][449]LogModuleManager: Shutting down and abandoning module FunctionalTesting (79)
[2016.07.01-01.26.00:553][449]LogModuleManager: Shutting down and abandoning module CollisionAnalyzer (78)
[2016.07.01-01.26.00:553][449]LogModuleManager: Shutting down and abandoning module WorkspaceMenuStructure (77)
[2016.07.01-01.26.00:553][449]LogModuleManager: Shutting down and abandoning module MessageLog (76)
[2016.07.01-01.26.00:553][449]LogModuleManager: Shutting down and abandoning module Sequencer (75)
[2016.07.01-01.26.00:553][449]LogModuleManager: Shutting down and abandoning module AssetTools (74)
[2016.07.01-01.26.00:553][449]LogModuleManager: Shutting down and abandoning module UMGEditor (73)
[2016.07.01-01.26.00:553][449]LogModuleManager: Shutting down and abandoning module UMG (72)
[2016.07.01-01.26.00:553][449]LogModuleManager: Shutting down and abandoning module SlateReflector (71)
[2016.07.01-01.26.00:553][449]LogModuleManager: Shutting down and abandoning module Slate (70)
[2016.07.01-01.26.00:553][449]LogModuleManager: Shutting down and abandoning module EditorStyle (69)
[2016.07.01-01.26.00:555][449]LogModuleManager: Shutting down and abandoning module SessionServices (68)
[2016.07.01-01.26.00:555][449]LogModuleManager: Shutting down and abandoning module SourceCodeAccess (67)
[2016.07.01-01.26.00:555][449]LogModuleManager: Shutting down and abandoning module HeadMountedDisplay (66)
[2016.07.01-01.26.00:555][449]LogModuleManager: Shutting down and abandoning module XAudio2 (65)
[2016.07.01-01.26.00:555][449]LogModuleManager: Shutting down and abandoning module Networking (63)
[2016.07.01-01.26.00:555][449]LogModuleManager: Shutting down and abandoning module Core (62)
[2016.07.01-01.26.00:555][449]LogModuleManager: Shutting down and abandoning module KismetCompiler (61)
[2016.07.01-01.26.00:556][449]LogModuleManager: Shutting down and abandoning module PhysXFormats (60)
[2016.07.01-01.26.00:556][449]LogModuleManager: Shutting down and abandoning module MeshUtilities (59)
[2016.07.01-01.26.00:556][449]LogModuleManager: Shutting down and abandoning module CookingStats (58)
[2016.07.01-01.26.00:556][449]LogModuleManager: Shutting down and abandoning module DerivedDataCache (57)
[2016.07.01-01.26.00:556][449]LogDerivedDataCache: Shutdown
[2016.07.01-01.26.00:556][449]LogModuleManager: Shutting down and abandoning module ShaderFormatOpenGL (56)
[2016.07.01-01.26.00:556][449]LogModuleManager: Shutting down and abandoning module ShaderFormatD3D (55)
[2016.07.01-01.26.00:556][449]LogModuleManager: Shutting down and abandoning module MetalShaderFormat (54)
[2016.07.01-01.26.00:556][449]LogModuleManager: Shutting down and abandoning module TextureFormatUncompressed (53)
[2016.07.01-01.26.00:556][449]LogModuleManager: Shutting down and abandoning module TextureFormatPVR (52)
[2016.07.01-01.26.00:556][449]LogModuleManager: Shutting down and abandoning module TextureFormatIntelISPCTexComp (51)
[2016.07.01-01.26.00:556][449]LogModuleManager: Shutting down and abandoning module TextureFormatDXT (50)
[2016.07.01-01.26.00:556][449]LogModuleManager: Shutting down and abandoning module ImageWrapper (49)
[2016.07.01-01.26.00:556][449]LogModuleManager: Shutting down and abandoning module TextureFormatASTC (48)
[2016.07.01-01.26.00:556][449]LogModuleManager: Shutting down and abandoning module TextureFormatAndroid (47)
[2016.07.01-01.26.00:556][449]LogModuleManager: Shutting down and abandoning module AudioFormatOpus (46)
[2016.07.01-01.26.00:556][449]LogModuleManager: Shutting down and abandoning module AudioFormatOgg (45)
[2016.07.01-01.26.00:556][449]LogModuleManager: Shutting down and abandoning module AudioFormatADPCM (44)
[2016.07.01-01.26.00:556][449]LogModuleManager: Shutting down and abandoning module LinuxTargetPlatform (43)
[2016.07.01-01.26.00:556][449]LogModuleManager: Shutting down and abandoning module LinuxServerTargetPlatform (42)
[2016.07.01-01.26.00:556][449]LogModuleManager: Shutting down and abandoning module LinuxNoEditorTargetPlatform (41)
[2016.07.01-01.26.00:556][449]LogModuleManager: Shutting down and abandoning module TVOSTargetPlatform (40)
[2016.07.01-01.26.00:556][449]LogModuleManager: Shutting down and abandoning module Messaging (39)
[2016.07.01-01.26.00:556][449]LogModuleManager: Shutting down and abandoning module IOSTargetPlatform (38)
[2016.07.01-01.26.00:556][449]LogModuleManager: Shutting down and abandoning module HTML5TargetPlatform (37)
[2016.07.01-01.26.00:556][449]LogModuleManager: Shutting down and abandoning module Android_PVRTCTargetPlatform (36)
[2016.07.01-01.26.00:556][449]LogModuleManager: Shutting down and abandoning module Android_MultiTargetPlatform (35)
[2016.07.01-01.26.00:556][449]LogModuleManager: Shutting down and abandoning module Android_ETC2TargetPlatform (34)
[2016.07.01-01.26.00:556][449]LogModuleManager: Shutting down and abandoning module Android_ETC1TargetPlatform (33)
[2016.07.01-01.26.00:556][449]LogModuleManager: Shutting down and abandoning module Android_DXTTargetPlatform (32)
[2016.07.01-01.26.00:556][449]LogModuleManager: Shutting down and abandoning module Android_ATCTargetPlatform (31)
[2016.07.01-01.26.00:556][449]LogModuleManager: Shutting down and abandoning module Android_ASTCTargetPlatform (30)
[2016.07.01-01.26.00:556][449]LogModuleManager: Shutting down and abandoning module AndroidTargetPlatform (29)
[2016.07.01-01.26.00:556][449]LogModuleManager: Shutting down and abandoning module WindowsTargetPlatform (28)
[2016.07.01-01.26.00:556][449]LogModuleManager: Shutting down and abandoning module WindowsServerTargetPlatform (27)
[2016.07.01-01.26.00:556][449]LogModuleManager: Shutting down and abandoning module WindowsNoEditorTargetPlatform (26)
[2016.07.01-01.26.00:557][449]LogModuleManager: Shutting down and abandoning module WindowsClientTargetPlatform (25)
[2016.07.01-01.26.00:557][449]LogModuleManager: Shutting down and abandoning module AllDesktopTargetPlatform (24)
[2016.07.01-01.26.00:557][449]LogModuleManager: Shutting down and abandoning module TargetPlatform (23)
[2016.07.01-01.26.00:557][449]LogModuleManager: Shutting down and abandoning module InputCore (22)
[2016.07.01-01.26.00:557][449]LogModuleManager: Shutting down and abandoning module Settings (21)
[2016.07.01-01.26.00:557][449]LogModuleManager: Shutting down and abandoning module OnlineSubsystem (19)
[2016.07.01-01.26.00:557][449]LogModuleManager: Shutting down and abandoning module HTTP (18)
[2016.07.01-01.26.01:558][449]LogModuleManager: Shutting down and abandoning module XMPP (17)
[2016.07.01-01.26.01:559][449]LogModuleManager: Shutting down and abandoning module OculusRift (16)
[2016.07.01-01.26.01:559][449]LogModuleManager: Shutting down and abandoning module ExampleDeviceProfileSelector (15)
[2016.07.01-01.26.01:559][449]LogModuleManager: Shutting down and abandoning module TextureCompressor (14)
[2016.07.01-01.26.01:559][449]LogModuleManager: Shutting down and abandoning module ShaderCore (13)
[2016.07.01-01.26.01:559][449]LogModuleManager: Shutting down and abandoning module Landscape (12)
[2016.07.01-01.26.01:559][449]LogModuleManager: Shutting down and abandoning module SlateRHIRenderer (11)
[2016.07.01-01.26.01:559][449]LogModuleManager: Shutting down and abandoning module OpenGLDrv (10)
[2016.07.01-01.26.01:559][449]LogModuleManager: Shutting down and abandoning module D3D11RHI (9)
[2016.07.01-01.26.01:559][449]LogModuleManager: Shutting down and abandoning module AnimGraphRuntime (8)
[2016.07.01-01.26.01:559][449]LogModuleManager: Shutting down and abandoning module Renderer (7)
[2016.07.01-01.26.01:559][449]LogModuleManager: Shutting down and abandoning module Engine (6)
[2016.07.01-01.26.01:559][449]LogModuleManager: Shutting down and abandoning module CoreUObject (5)
[2016.07.01-01.26.01:559][449]LogModuleManager: Shutting down and abandoning module NetworkFile (4)
[2016.07.01-01.26.01:559][449]LogModuleManager: Shutting down and abandoning module StreamingFile (3)
[2016.07.01-01.26.01:559][449]LogModuleManager: Shutting down and abandoning module SandboxFile (2)
[2016.07.01-01.26.01:559][449]LogModuleManager: Shutting down and abandoning module PakFile (1)
[2016.07.01-01.26.01:562][449]LogExit: Exiting.
[2016.07.01-01.26.01:580][449]Log file closed, 06/30/16 21:26:01
